2024-11-04 10:57:38 [main] INFO  org.hibernate.Version - HHH000412: Hibernate ORM core version 6.2.4.Final
2024-11-04 10:57:38 [main] INFO  org.hibernate.cfg.Environment - HHH000406: Using bytecode reflection optimizer
2024-11-04 10:57:38 [main] INFO  com.zaxxer.hikari.HikariDataSource - HikariPool-1 - Starting...
2024-11-04 10:57:39 [main] INFO  com.zaxxer.hikari.pool.HikariPool - HikariPool-1 - Added connection org.postgresql.jdbc.PgConnection@28ec166e
2024-11-04 10:57:39 [main] INFO  com.zaxxer.hikari.HikariDataSource - HikariPool-1 - Start completed.
2024-11-04 10:57:39 [main] INFO  o.h.b.i.BytecodeProviderInitiator - HHH000021: Bytecode provider name : bytebuddy
2024-11-04 10:57:40 [main] WARN  o.h.e.jdbc.spi.SqlExceptionHelper - SQL Warning Code: 0, SQLState: 00000
2024-11-04 10:57:40 [main] WARN  o.h.e.jdbc.spi.SqlExceptionHelper - relation "trip" does not exist, skipping
2024-11-04 10:57:40 [main] WARN  o.h.e.jdbc.spi.SqlExceptionHelper - SQL Warning Code: 0, SQLState: 00000
2024-11-04 10:57:40 [main] WARN  o.h.e.jdbc.spi.SqlExceptionHelper - relation "user_roles" does not exist, skipping
2024-11-04 10:57:40 [main] WARN  o.h.e.jdbc.spi.SqlExceptionHelper - SQL Warning Code: 0, SQLState: 00000
2024-11-04 10:57:40 [main] WARN  o.h.e.jdbc.spi.SqlExceptionHelper - relation "user_roles" does not exist, skipping
2024-11-04 10:57:40 [main] WARN  o.h.e.jdbc.spi.SqlExceptionHelper - SQL Warning Code: 0, SQLState: 00000
2024-11-04 10:57:40 [main] WARN  o.h.e.jdbc.spi.SqlExceptionHelper - table "guide" does not exist, skipping
2024-11-04 10:57:40 [main] WARN  o.h.e.jdbc.spi.SqlExceptionHelper - SQL Warning Code: 0, SQLState: 00000
2024-11-04 10:57:40 [main] WARN  o.h.e.jdbc.spi.SqlExceptionHelper - table "roles" does not exist, skipping
2024-11-04 10:57:40 [main] WARN  o.h.e.jdbc.spi.SqlExceptionHelper - SQL Warning Code: 0, SQLState: 00000
2024-11-04 10:57:40 [main] WARN  o.h.e.jdbc.spi.SqlExceptionHelper - table "trip" does not exist, skipping
2024-11-04 10:57:40 [main] WARN  o.h.e.jdbc.spi.SqlExceptionHelper - SQL Warning Code: 0, SQLState: 00000
2024-11-04 10:57:40 [main] WARN  o.h.e.jdbc.spi.SqlExceptionHelper - table "user_roles" does not exist, skipping
2024-11-04 10:57:40 [main] WARN  o.h.e.jdbc.spi.SqlExceptionHelper - SQL Warning Code: 0, SQLState: 00000
2024-11-04 10:57:40 [main] WARN  o.h.e.jdbc.spi.SqlExceptionHelper - table "users" does not exist, skipping
2024-11-04 10:57:41 [main] INFO  io.javalin.Javalin - Starting Javalin ...
2024-11-04 10:57:41 [main] INFO  org.eclipse.jetty.server.Server - jetty-11.0.23; built: 2024-08-14T01:40:17.906Z; git: 6fcf5ccaebd7ca13a0cb96c96adca699a24080a0; jvm 17.0.12+7-LTS
2024-11-04 10:57:41 [main] INFO  o.e.j.s.s.DefaultSessionIdManager - Session workerName=node0
2024-11-04 10:57:41 [main] INFO  o.e.j.server.handler.ContextHandler - Started o.e.j.s.ServletContextHandler@1a2724d3{/api,null,AVAILABLE}
2024-11-04 10:57:41 [main] INFO  o.e.jetty.server.AbstractConnector - Started ServerConnector@35dcd032{HTTP/1.1, (http/1.1)}{0.0.0.0:7070}
2024-11-04 10:57:41 [main] INFO  org.eclipse.jetty.server.Server - Started Server@51af8049{STARTING}[11.0.23,sto=0] @3516ms
2024-11-04 10:57:41 [main] INFO  io.javalin.Javalin - Javalin started in 187ms \o/
2024-11-04 10:57:41 [main] INFO  io.javalin.Javalin - Listening on http://localhost:7070/api
2024-11-04 10:57:41 [main] INFO  io.javalin.Javalin - You are running Javalin 6.3.0 (released August 22, 2024).
2024-11-04 10:57:50 [main] INFO  org.hibernate.Version - HHH000412: Hibernate ORM core version 6.2.4.Final
2024-11-04 10:57:50 [main] INFO  org.hibernate.cfg.Environment - HHH000406: Using bytecode reflection optimizer
2024-11-04 10:57:50 [main] INFO  com.zaxxer.hikari.HikariDataSource - HikariPool-1 - Starting...
2024-11-04 10:57:50 [main] INFO  com.zaxxer.hikari.pool.HikariPool - HikariPool-1 - Added connection org.postgresql.jdbc.PgConnection@50468873
2024-11-04 10:57:50 [main] INFO  com.zaxxer.hikari.HikariDataSource - HikariPool-1 - Start completed.
2024-11-04 10:57:51 [main] INFO  o.h.b.i.BytecodeProviderInitiator - HHH000021: Bytecode provider name : bytebuddy
2024-11-04 10:58:43 [main] INFO  org.hibernate.Version - HHH000412: Hibernate ORM core version 6.2.4.Final
2024-11-04 10:58:43 [main] INFO  org.hibernate.cfg.Environment - HHH000406: Using bytecode reflection optimizer
2024-11-04 10:58:43 [main] INFO  com.zaxxer.hikari.HikariDataSource - HikariPool-1 - Starting...
2024-11-04 10:58:43 [main] INFO  com.zaxxer.hikari.pool.HikariPool - HikariPool-1 - Added connection org.postgresql.jdbc.PgConnection@4c2cc639
2024-11-04 10:58:43 [main] INFO  com.zaxxer.hikari.HikariDataSource - HikariPool-1 - Start completed.
2024-11-04 10:58:44 [main] INFO  o.h.b.i.BytecodeProviderInitiator - HHH000021: Bytecode provider name : bytebuddy
2024-11-04 10:58:45 [main] INFO  io.javalin.Javalin - Starting Javalin ...
2024-11-04 10:58:45 [main] INFO  org.eclipse.jetty.server.Server - jetty-11.0.23; built: 2024-08-14T01:40:17.906Z; git: 6fcf5ccaebd7ca13a0cb96c96adca699a24080a0; jvm 17.0.12+7-LTS
2024-11-04 10:58:45 [main] INFO  o.e.j.s.s.DefaultSessionIdManager - Session workerName=node0
2024-11-04 10:58:45 [main] INFO  o.e.j.server.handler.ContextHandler - Started o.e.j.s.ServletContextHandler@636dbfe7{/api,null,AVAILABLE}
2024-11-04 10:58:45 [main] INFO  o.e.jetty.server.AbstractConnector - Started ServerConnector@30d5e37c{HTTP/1.1, (http/1.1)}{0.0.0.0:7070}
2024-11-04 10:58:45 [main] INFO  org.eclipse.jetty.server.Server - Started Server@9e62fb{STARTING}[11.0.23,sto=0] @3055ms
2024-11-04 10:58:45 [main] INFO  io.javalin.Javalin - Javalin started in 184ms \o/
2024-11-04 10:58:45 [main] INFO  io.javalin.Javalin - Listening on http://localhost:7070/api
2024-11-04 10:58:45 [main] INFO  io.javalin.Javalin - You are running Javalin 6.3.0 (released August 22, 2024).
2024-11-04 10:58:54 [main] INFO  org.hibernate.Version - HHH000412: Hibernate ORM core version 6.2.4.Final
2024-11-04 10:58:54 [main] INFO  org.hibernate.cfg.Environment - HHH000406: Using bytecode reflection optimizer
2024-11-04 10:58:55 [main] INFO  com.zaxxer.hikari.HikariDataSource - HikariPool-1 - Starting...
2024-11-04 10:58:55 [main] INFO  com.zaxxer.hikari.pool.HikariPool - HikariPool-1 - Added connection org.postgresql.jdbc.PgConnection@74eb909f
2024-11-04 10:58:55 [main] INFO  com.zaxxer.hikari.HikariDataSource - HikariPool-1 - Start completed.
2024-11-04 10:58:55 [main] INFO  o.h.b.i.BytecodeProviderInitiator - HHH000021: Bytecode provider name : bytebuddy
2024-11-04 11:32:39 [main] INFO  org.hibernate.Version - HHH000412: Hibernate ORM core version 6.2.4.Final
2024-11-04 11:32:39 [main] INFO  org.hibernate.cfg.Environment - HHH000406: Using bytecode reflection optimizer
2024-11-04 11:32:39 [main] INFO  com.zaxxer.hikari.HikariDataSource - HikariPool-1 - Starting...
2024-11-04 11:32:39 [main] INFO  com.zaxxer.hikari.pool.HikariPool - HikariPool-1 - Added connection org.postgresql.jdbc.PgConnection@4c2cc639
2024-11-04 11:32:39 [main] INFO  com.zaxxer.hikari.HikariDataSource - HikariPool-1 - Start completed.
2024-11-04 11:32:40 [main] INFO  o.h.b.i.BytecodeProviderInitiator - HHH000021: Bytecode provider name : bytebuddy
2024-11-04 11:32:41 [main] INFO  io.javalin.Javalin - Starting Javalin ...
2024-11-04 11:32:41 [main] INFO  org.eclipse.jetty.server.Server - jetty-11.0.23; built: 2024-08-14T01:40:17.906Z; git: 6fcf5ccaebd7ca13a0cb96c96adca699a24080a0; jvm 17.0.12+7-LTS
2024-11-04 11:32:41 [main] INFO  o.e.j.s.s.DefaultSessionIdManager - Session workerName=node0
2024-11-04 11:32:41 [main] INFO  o.e.j.server.handler.ContextHandler - Started o.e.j.s.ServletContextHandler@1d7c9811{/api,null,AVAILABLE}
2024-11-04 11:32:41 [main] INFO  o.e.jetty.server.AbstractConnector - Started ServerConnector@790654d5{HTTP/1.1, (http/1.1)}{0.0.0.0:7070}
2024-11-04 11:32:41 [main] INFO  org.eclipse.jetty.server.Server - Started Server@278fe428{STARTING}[11.0.23,sto=0] @3131ms
2024-11-04 11:32:41 [main] INFO  io.javalin.Javalin - Javalin started in 192ms \o/
2024-11-04 11:32:41 [main] INFO  io.javalin.Javalin - Listening on http://localhost:7070/api
2024-11-04 11:32:41 [main] INFO  io.javalin.Javalin - You are running Javalin 6.3.0 (released August 22, 2024).
2024-11-04 11:32:49 [main] INFO  org.hibernate.Version - HHH000412: Hibernate ORM core version 6.2.4.Final
2024-11-04 11:32:49 [main] INFO  org.hibernate.cfg.Environment - HHH000406: Using bytecode reflection optimizer
2024-11-04 11:32:50 [main] INFO  com.zaxxer.hikari.HikariDataSource - HikariPool-1 - Starting...
2024-11-04 11:32:50 [main] INFO  com.zaxxer.hikari.pool.HikariPool - HikariPool-1 - Added connection org.postgresql.jdbc.PgConnection@b1712f3
2024-11-04 11:32:50 [main] INFO  com.zaxxer.hikari.HikariDataSource - HikariPool-1 - Start completed.
2024-11-04 11:32:50 [main] INFO  o.h.b.i.BytecodeProviderInitiator - HHH000021: Bytecode provider name : bytebuddy
2024-11-04 11:33:16 [main] INFO  org.hibernate.Version - HHH000412: Hibernate ORM core version 6.2.4.Final
2024-11-04 11:33:16 [main] INFO  org.hibernate.cfg.Environment - HHH000406: Using bytecode reflection optimizer
2024-11-04 11:33:17 [main] INFO  com.zaxxer.hikari.HikariDataSource - HikariPool-1 - Starting...
2024-11-04 11:33:17 [main] INFO  com.zaxxer.hikari.pool.HikariPool - HikariPool-1 - Added connection org.postgresql.jdbc.PgConnection@2b4c1d96
2024-11-04 11:33:17 [main] INFO  com.zaxxer.hikari.HikariDataSource - HikariPool-1 - Start completed.
2024-11-04 11:33:17 [main] INFO  o.h.b.i.BytecodeProviderInitiator - HHH000021: Bytecode provider name : bytebuddy
2024-11-04 11:33:19 [main] INFO  io.javalin.Javalin - Starting Javalin ...
2024-11-04 11:33:19 [main] INFO  org.eclipse.jetty.server.Server - jetty-11.0.23; built: 2024-08-14T01:40:17.906Z; git: 6fcf5ccaebd7ca13a0cb96c96adca699a24080a0; jvm 17.0.12+7-LTS
2024-11-04 11:33:19 [main] ERROR io.javalin.Javalin - Failed to start Javalin
2024-11-04 11:33:19 [main] INFO  org.eclipse.jetty.server.Server - Stopped Server@2ff498b0{STOPPING}[11.0.23,sto=0]
2024-11-04 11:33:29 [main] INFO  org.hibernate.Version - HHH000412: Hibernate ORM core version 6.2.4.Final
2024-11-04 11:33:29 [main] INFO  org.hibernate.cfg.Environment - HHH000406: Using bytecode reflection optimizer
2024-11-04 11:33:30 [main] INFO  com.zaxxer.hikari.HikariDataSource - HikariPool-1 - Starting...
2024-11-04 11:33:30 [main] INFO  com.zaxxer.hikari.pool.HikariPool - HikariPool-1 - Added connection org.postgresql.jdbc.PgConnection@687ef2e0
2024-11-04 11:33:30 [main] INFO  com.zaxxer.hikari.HikariDataSource - HikariPool-1 - Start completed.
2024-11-04 11:33:30 [main] INFO  o.h.b.i.BytecodeProviderInitiator - HHH000021: Bytecode provider name : bytebuddy
2024-11-04 11:33:32 [main] INFO  io.javalin.Javalin - Starting Javalin ...
2024-11-04 11:33:32 [main] INFO  org.eclipse.jetty.server.Server - jetty-11.0.23; built: 2024-08-14T01:40:17.906Z; git: 6fcf5ccaebd7ca13a0cb96c96adca699a24080a0; jvm 17.0.12+7-LTS
2024-11-04 11:33:32 [main] INFO  o.e.j.s.s.DefaultSessionIdManager - Session workerName=node0
2024-11-04 11:33:32 [main] INFO  o.e.j.server.handler.ContextHandler - Started o.e.j.s.ServletContextHandler@3688baab{/api,null,AVAILABLE}
2024-11-04 11:33:32 [main] INFO  o.e.jetty.server.AbstractConnector - Started ServerConnector@6598caab{HTTP/1.1, (http/1.1)}{0.0.0.0:7070}
2024-11-04 11:33:32 [main] INFO  org.eclipse.jetty.server.Server - Started Server@605c7a9e{STARTING}[11.0.23,sto=0] @3061ms
2024-11-04 11:33:32 [main] INFO  io.javalin.Javalin - Javalin started in 141ms \o/
2024-11-04 11:33:32 [main] INFO  io.javalin.Javalin - Listening on http://localhost:7070/api
2024-11-04 11:33:32 [main] INFO  io.javalin.Javalin - You are running Javalin 6.3.0 (released August 22, 2024).
2024-11-04 11:34:11 [JettyServerThreadPool-32] INFO  dat.config.ApplicationConfig -  Request 1 - GET /api/trips was handled with status code 200 OK
2024-11-04 11:34:21 [main] INFO  org.hibernate.Version - HHH000412: Hibernate ORM core version 6.2.4.Final
2024-11-04 11:34:21 [main] INFO  org.hibernate.cfg.Environment - HHH000406: Using bytecode reflection optimizer
2024-11-04 11:34:21 [main] INFO  com.zaxxer.hikari.HikariDataSource - HikariPool-1 - Starting...
2024-11-04 11:34:21 [main] INFO  com.zaxxer.hikari.pool.HikariPool - HikariPool-1 - Added connection org.postgresql.jdbc.PgConnection@ec2cc4
2024-11-04 11:34:21 [main] INFO  com.zaxxer.hikari.HikariDataSource - HikariPool-1 - Start completed.
2024-11-04 11:34:22 [main] INFO  o.h.b.i.BytecodeProviderInitiator - HHH000021: Bytecode provider name : bytebuddy
2024-11-04 11:34:30 [JettyServerThreadPool-27] INFO  dat.config.ApplicationConfig -  Request 2 - GET /api/trips was handled with status code 200 OK
2024-11-04 11:37:12 [JettyServerThreadPool-27] INFO  dat.config.ApplicationConfig -  Request 3 - GET /api/trips was handled with status code 200 OK
2024-11-04 11:41:47 [main] INFO  org.hibernate.Version - HHH000412: Hibernate ORM core version 6.2.4.Final
2024-11-04 11:41:47 [main] INFO  org.hibernate.cfg.Environment - HHH000406: Using bytecode reflection optimizer
2024-11-04 11:41:47 [main] INFO  com.zaxxer.hikari.HikariDataSource - HikariPool-1 - Starting...
2024-11-04 11:41:48 [main] INFO  com.zaxxer.hikari.pool.HikariPool - HikariPool-1 - Added connection org.postgresql.jdbc.PgConnection@35229f85
2024-11-04 11:41:48 [main] INFO  com.zaxxer.hikari.HikariDataSource - HikariPool-1 - Start completed.
2024-11-04 11:41:48 [main] INFO  o.h.b.i.BytecodeProviderInitiator - HHH000021: Bytecode provider name : bytebuddy
2024-11-04 11:41:55 [JettyServerThreadPool-27] INFO  dat.config.ApplicationConfig -  Request 4 - GET /api/trips was handled with status code 200 OK
2024-11-04 11:43:51 [JettyServerThreadPool-26] INFO  dat.config.ApplicationConfig -  Request 5 - GET /api/trips was handled with status code 200 OK
2024-11-04 11:45:13 [JettyServerThreadPool-30] INFO  dat.config.ApplicationConfig -  Request 6 - GET /api/trips/1 was handled with status code 200 OK
2024-11-04 11:49:44 [JettyServerThreadPool-31] INFO  io.javalin.Javalin - Couldn't deserialize body to GuideDTO
com.fasterxml.jackson.databind.exc.UnrecognizedPropertyException: Unrecognized field "name" (class dat.dtos.GuideDTO), not marked as ignorable (7 known properties: "lastname", "yearsOfExperience", "id", "email", "phone", "firstname", "trips"])
 at [Source: REDACTED (`StreamReadFeature.INCLUDE_SOURCE_IN_LOCATION` disabled); line: 2, column: 14] (through reference chain: dat.dtos.GuideDTO["name"])
	at com.fasterxml.jackson.databind.exc.UnrecognizedPropertyException.from(UnrecognizedPropertyException.java:61)
	at com.fasterxml.jackson.databind.DeserializationContext.handleUnknownProperty(DeserializationContext.java:1153)
	at com.fasterxml.jackson.databind.deser.std.StdDeserializer.handleUnknownProperty(StdDeserializer.java:2241)
	at com.fasterxml.jackson.databind.deser.BeanDeserializerBase.handleUnknownProperty(BeanDeserializerBase.java:1793)
	at com.fasterxml.jackson.databind.deser.BeanDeserializerBase.handleUnknownVanilla(BeanDeserializerBase.java:1771)
	at com.fasterxml.jackson.databind.deser.BeanDeserializer.vanillaDeserialize(BeanDeserializer.java:316)
	at com.fasterxml.jackson.databind.deser.BeanDeserializer.deserialize(BeanDeserializer.java:177)
	at com.fasterxml.jackson.databind.deser.DefaultDeserializationContext.readRootValue(DefaultDeserializationContext.java:342)
	at com.fasterxml.jackson.databind.ObjectMapper._readMapAndClose(ObjectMapper.java:4905)
	at com.fasterxml.jackson.databind.ObjectMapper.readValue(ObjectMapper.java:3848)
	at io.javalin.json.JavalinJackson.fromJsonString(JavalinJackson.kt:66)
	at io.javalin.http.Context.bodyAsClass(Context.kt:153)
	at io.javalin.http.Context.bodyAsClass(Context.kt:158)
	at io.javalin.http.Context$bodyValidator$1.invoke(Context.kt:170)
	at io.javalin.validation.BaseValidator$errors$2.invoke(BaseValidator.kt:38)
	at io.javalin.validation.BaseValidator$errors$2.invoke(BaseValidator.kt:36)
	at kotlin.UnsafeLazyImpl.getValue(Lazy.kt:81)
	at io.javalin.validation.BaseValidator.getErrors(BaseValidator.kt:36)
	at io.javalin.validation.BaseValidator.getOrThrow(BaseValidator.kt:75)
	at io.javalin.validation.BodyValidator.getOrThrow(BodyValidator.kt:23)
	at io.javalin.validation.BaseValidator.get(BaseValidator.kt:72)
	at io.javalin.validation.BodyValidator.get(BodyValidator.kt:20)
	at dat.controllers.impl.TripController.create(TripController.java:51)
	at io.javalin.router.Endpoint.handle(Endpoint.kt:52)
	at io.javalin.router.ParsedEndpoint.handle(ParsedEndpoint.kt:15)
	at io.javalin.http.servlet.DefaultTasks.HTTP$lambda$9$lambda$7$lambda$6(DefaultTasks.kt:52)
	at io.javalin.http.servlet.JavalinServlet.handleTask(JavalinServlet.kt:99)
	at io.javalin.http.servlet.JavalinServlet.handleSync(JavalinServlet.kt:64)
	at io.javalin.http.servlet.JavalinServlet.handle(JavalinServlet.kt:50)
	at io.javalin.http.servlet.JavalinServlet.service(JavalinServlet.kt:30)
	at jakarta.servlet.http.HttpServlet.service(HttpServlet.java:587)
	at io.javalin.jetty.JavalinJettyServlet.service(JavalinJettyServlet.kt:52)
	at jakarta.servlet.http.HttpServlet.service(HttpServlet.java:587)
	at org.eclipse.jetty.servlet.ServletHolder.handle(ServletHolder.java:764)
	at org.eclipse.jetty.servlet.ServletHandler.doHandle(ServletHandler.java:529)
	at org.eclipse.jetty.server.handler.ScopedHandler.nextHandle(ScopedHandler.java:221)
	at org.eclipse.jetty.server.session.SessionHandler.doHandle(SessionHandler.java:1580)
	at org.eclipse.jetty.server.handler.ScopedHandler.nextHandle(ScopedHandler.java:221)
	at org.eclipse.jetty.server.handler.ContextHandler.doHandle(ContextHandler.java:1381)
	at org.eclipse.jetty.server.handler.ScopedHandler.nextScope(ScopedHandler.java:176)
	at org.eclipse.jetty.servlet.ServletHandler.doScope(ServletHandler.java:484)
	at org.eclipse.jetty.server.session.SessionHandler.doScope(SessionHandler.java:1553)
	at org.eclipse.jetty.server.handler.ScopedHandler.nextScope(ScopedHandler.java:174)
	at org.eclipse.jetty.server.handler.ContextHandler.doScope(ContextHandler.java:1303)
	at org.eclipse.jetty.server.handler.ScopedHandler.handle(ScopedHandler.java:129)
	at org.eclipse.jetty.server.handler.StatisticsHandler.handle(StatisticsHandler.java:173)
	at org.eclipse.jetty.server.handler.HandlerWrapper.handle(HandlerWrapper.java:122)
	at org.eclipse.jetty.server.Server.handle(Server.java:563)
	at org.eclipse.jetty.server.HttpChannel$RequestDispatchable.dispatch(HttpChannel.java:1598)
	at org.eclipse.jetty.server.HttpChannel.dispatch(HttpChannel.java:753)
	at org.eclipse.jetty.server.HttpChannel.handle(HttpChannel.java:501)
	at org.eclipse.jetty.server.HttpConnection.onFillable(HttpConnection.java:287)
	at org.eclipse.jetty.io.AbstractConnection$ReadCallback.succeeded(AbstractConnection.java:314)
	at org.eclipse.jetty.io.FillInterest.fillable(FillInterest.java:100)
	at org.eclipse.jetty.io.SelectableChannelEndPoint$1.run(SelectableChannelEndPoint.java:53)
	at org.eclipse.jetty.util.thread.strategy.AdaptiveExecutionStrategy.runTask(AdaptiveExecutionStrategy.java:421)
	at org.eclipse.jetty.util.thread.strategy.AdaptiveExecutionStrategy.consumeTask(AdaptiveExecutionStrategy.java:390)
	at org.eclipse.jetty.util.thread.strategy.AdaptiveExecutionStrategy.tryProduce(AdaptiveExecutionStrategy.java:277)
	at org.eclipse.jetty.util.thread.strategy.AdaptiveExecutionStrategy.run(AdaptiveExecutionStrategy.java:199)
	at org.eclipse.jetty.util.thread.ReservedThreadExecutor$ReservedThread.run(ReservedThreadExecutor.java:411)
	at org.eclipse.jetty.util.thread.QueuedThreadPool.runJob(QueuedThreadPool.java:969)
	at org.eclipse.jetty.util.thread.QueuedThreadPool$Runner.doRunJob(QueuedThreadPool.java:1194)
	at org.eclipse.jetty.util.thread.QueuedThreadPool$Runner.run(QueuedThreadPool.java:1149)
	at java.base/java.lang.Thread.run(Thread.java:840)
2024-11-04 11:49:44 [JettyServerThreadPool-31] INFO  dat.config.ApplicationConfig -  Request 7 - POST /api/trips/1 was handled with status code 400 Bad Request
2024-11-04 12:05:17 [main] INFO  org.hibernate.Version - HHH000412: Hibernate ORM core version 6.2.4.Final
2024-11-04 12:05:17 [main] INFO  org.hibernate.cfg.Environment - HHH000406: Using bytecode reflection optimizer
2024-11-04 12:05:17 [main] INFO  com.zaxxer.hikari.HikariDataSource - HikariPool-1 - Starting...
2024-11-04 12:05:17 [main] INFO  com.zaxxer.hikari.pool.HikariPool - HikariPool-1 - Added connection org.postgresql.jdbc.PgConnection@5066d65f
2024-11-04 12:05:17 [main] INFO  com.zaxxer.hikari.HikariDataSource - HikariPool-1 - Start completed.
2024-11-04 12:05:18 [main] INFO  o.h.b.i.BytecodeProviderInitiator - HHH000021: Bytecode provider name : bytebuddy
2024-11-04 12:05:19 [main] INFO  io.javalin.Javalin - Starting Javalin ...
2024-11-04 12:05:19 [main] INFO  org.eclipse.jetty.server.Server - jetty-11.0.23; built: 2024-08-14T01:40:17.906Z; git: 6fcf5ccaebd7ca13a0cb96c96adca699a24080a0; jvm 17.0.12+7-LTS
2024-11-04 12:05:19 [main] INFO  o.e.j.s.s.DefaultSessionIdManager - Session workerName=node0
2024-11-04 12:05:19 [main] INFO  o.e.j.server.handler.ContextHandler - Started o.e.j.s.ServletContextHandler@37d6dddc{/api,null,AVAILABLE}
2024-11-04 12:05:19 [main] INFO  o.e.jetty.server.AbstractConnector - Started ServerConnector@1f39269d{HTTP/1.1, (http/1.1)}{0.0.0.0:7070}
2024-11-04 12:05:19 [main] INFO  org.eclipse.jetty.server.Server - Started Server@73b74615{STARTING}[11.0.23,sto=0] @2998ms
2024-11-04 12:05:19 [main] INFO  io.javalin.Javalin - Javalin started in 156ms \o/
2024-11-04 12:05:19 [main] INFO  io.javalin.Javalin - Listening on http://localhost:7070/api
2024-11-04 12:05:19 [main] INFO  io.javalin.Javalin - You are running Javalin 6.3.0 (released August 22, 2024).
2024-11-04 12:05:48 [JettyServerThreadPool-27] INFO  dat.config.ApplicationConfig -  Request 1 - GET /api/trips/populate/ was handled with status code 200 OK
2024-11-04 12:05:52 [JettyServerThreadPool-22] INFO  dat.config.ApplicationConfig -  Request 2 - GET /api/trips was handled with status code 200 OK
2024-11-04 12:07:38 [main] INFO  org.hibernate.Version - HHH000412: Hibernate ORM core version 6.2.4.Final
2024-11-04 12:07:38 [main] INFO  org.hibernate.cfg.Environment - HHH000406: Using bytecode reflection optimizer
2024-11-04 12:07:38 [main] INFO  com.zaxxer.hikari.HikariDataSource - HikariPool-1 - Starting...
2024-11-04 12:07:38 [main] INFO  com.zaxxer.hikari.pool.HikariPool - HikariPool-1 - Added connection org.postgresql.jdbc.PgConnection@2101b44a
2024-11-04 12:07:38 [main] INFO  com.zaxxer.hikari.HikariDataSource - HikariPool-1 - Start completed.
2024-11-04 12:07:39 [main] INFO  o.h.b.i.BytecodeProviderInitiator - HHH000021: Bytecode provider name : bytebuddy
2024-11-04 12:07:40 [main] INFO  io.javalin.Javalin - Starting Javalin ...
2024-11-04 12:07:40 [main] INFO  org.eclipse.jetty.server.Server - jetty-11.0.23; built: 2024-08-14T01:40:17.906Z; git: 6fcf5ccaebd7ca13a0cb96c96adca699a24080a0; jvm 17.0.12+7-LTS
2024-11-04 12:07:40 [main] INFO  o.e.j.s.s.DefaultSessionIdManager - Session workerName=node0
2024-11-04 12:07:40 [main] INFO  o.e.j.server.handler.ContextHandler - Started o.e.j.s.ServletContextHandler@7dd3981e{/api,null,AVAILABLE}
2024-11-04 12:07:40 [main] INFO  o.e.jetty.server.AbstractConnector - Started ServerConnector@5e3d2765{HTTP/1.1, (http/1.1)}{0.0.0.0:7070}
2024-11-04 12:07:40 [main] INFO  org.eclipse.jetty.server.Server - Started Server@67941d{STARTING}[11.0.23,sto=0] @2790ms
2024-11-04 12:07:40 [main] INFO  io.javalin.Javalin - Javalin started in 146ms \o/
2024-11-04 12:07:40 [main] INFO  io.javalin.Javalin - Listening on http://localhost:7070/api
2024-11-04 12:07:40 [main] INFO  io.javalin.Javalin - You are running Javalin 6.3.0 (released August 22, 2024).
2024-11-04 12:07:45 [JettyServerThreadPool-27] INFO  dat.config.ApplicationConfig -  Request 1 - GET /api/trips/populate/ was handled with status code 200 OK
2024-11-04 12:07:48 [JettyServerThreadPool-22] INFO  dat.config.ApplicationConfig -  Request 2 - GET /api/trips was handled with status code 200 OK
2024-11-04 12:10:28 [JettyServerThreadPool-22] INFO  dat.config.ApplicationConfig -  Request 3 - DELETE /api/trips/1 was handled with status code 204 No Content
2024-11-04 12:10:42 [JettyServerThreadPool-20] INFO  dat.config.ApplicationConfig -  Request 4 - DELETE /api/trips/1 was handled with status code 204 No Content
2024-11-04 12:14:10 [JettyServerThreadPool-23] INFO  dat.config.ApplicationConfig -  Request 5 - POST /api/auth/register/ was handled with status code 201 Created
2024-11-04 12:14:13 [JettyServerThreadPool-25] INFO  dat.config.ApplicationConfig -  Request 6 - POST /api/auth/login/ was handled with status code 200 OK
2024-11-04 12:14:17 [JettyServerThreadPool-22] INFO  d.s.controllers.SecurityController - User verified: UserDTO(username=user, password=null, roles=[user])
2024-11-04 12:14:17 [JettyServerThreadPool-22] INFO  dat.config.ApplicationConfig -  Request 7 - POST /api/auth/user/addrole/ was handled with status code 200 OK
2024-11-04 12:14:20 [JettyServerThreadPool-21] INFO  dat.config.ApplicationConfig -  Request 8 - POST /api/auth/login/ was handled with status code 200 OK
2024-11-04 12:14:26 [JettyServerThreadPool-27] INFO  dat.config.ApplicationConfig -  Request 9 - POST /api/trips/1 was handled with status code 404 Not Found
2024-11-04 12:15:41 [JettyServerThreadPool-21] INFO  io.javalin.Javalin - Couldn't deserialize body to TripDTO
com.fasterxml.jackson.databind.exc.InvalidFormatException: Cannot deserialize value of type `dat.enums.Category` from String "BUSINESS": not one of the values accepted for Enum class: [BEACH, CITY, FOREST, LAKE, SNOW, SEA]
 at [Source: REDACTED (`StreamReadFeature.INCLUDE_SOURCE_IN_LOCATION` disabled); line: 7, column: 17] (through reference chain: dat.dtos.TripDTO["category"])
	at com.fasterxml.jackson.databind.exc.InvalidFormatException.from(InvalidFormatException.java:67)
	at com.fasterxml.jackson.databind.DeserializationContext.weirdStringException(DeserializationContext.java:1958)
	at com.fasterxml.jackson.databind.DeserializationContext.handleWeirdStringValue(DeserializationContext.java:1245)
	at com.fasterxml.jackson.databind.deser.std.EnumDeserializer._deserializeAltString(EnumDeserializer.java:447)
	at com.fasterxml.jackson.databind.deser.std.EnumDeserializer._fromString(EnumDeserializer.java:304)
	at com.fasterxml.jackson.databind.deser.std.EnumDeserializer.deserialize(EnumDeserializer.java:273)
	at com.fasterxml.jackson.databind.deser.impl.MethodProperty.deserializeAndSet(MethodProperty.java:129)
	at com.fasterxml.jackson.databind.deser.BeanDeserializer.vanillaDeserialize(BeanDeserializer.java:310)
	at com.fasterxml.jackson.databind.deser.BeanDeserializer.deserialize(BeanDeserializer.java:177)
	at com.fasterxml.jackson.databind.deser.DefaultDeserializationContext.readRootValue(DefaultDeserializationContext.java:342)
	at com.fasterxml.jackson.databind.ObjectMapper._readMapAndClose(ObjectMapper.java:4905)
	at com.fasterxml.jackson.databind.ObjectMapper.readValue(ObjectMapper.java:3848)
	at io.javalin.json.JavalinJackson.fromJsonString(JavalinJackson.kt:66)
	at io.javalin.http.Context.bodyAsClass(Context.kt:153)
	at io.javalin.http.Context.bodyAsClass(Context.kt:158)
	at io.javalin.http.Context$bodyValidator$1.invoke(Context.kt:170)
	at io.javalin.validation.BaseValidator$errors$2.invoke(BaseValidator.kt:38)
	at io.javalin.validation.BaseValidator$errors$2.invoke(BaseValidator.kt:36)
	at kotlin.UnsafeLazyImpl.getValue(Lazy.kt:81)
	at io.javalin.validation.BaseValidator.getErrors(BaseValidator.kt:36)
	at io.javalin.validation.BaseValidator.getOrThrow(BaseValidator.kt:75)
	at io.javalin.validation.BodyValidator.getOrThrow(BodyValidator.kt:23)
	at io.javalin.validation.BaseValidator.get(BaseValidator.kt:72)
	at io.javalin.validation.BodyValidator.get(BodyValidator.kt:20)
	at dat.controllers.impl.TripController.validateEntity(TripController.java:100)
	at dat.controllers.impl.TripController.create(TripController.java:41)
	at io.javalin.router.Endpoint.handle(Endpoint.kt:52)
	at io.javalin.router.ParsedEndpoint.handle(ParsedEndpoint.kt:15)
	at io.javalin.http.servlet.DefaultTasks.HTTP$lambda$9$lambda$7$lambda$6(DefaultTasks.kt:52)
	at io.javalin.http.servlet.JavalinServlet.handleTask(JavalinServlet.kt:99)
	at io.javalin.http.servlet.JavalinServlet.handleSync(JavalinServlet.kt:64)
	at io.javalin.http.servlet.JavalinServlet.handle(JavalinServlet.kt:50)
	at io.javalin.http.servlet.JavalinServlet.service(JavalinServlet.kt:30)
	at jakarta.servlet.http.HttpServlet.service(HttpServlet.java:587)
	at io.javalin.jetty.JavalinJettyServlet.service(JavalinJettyServlet.kt:52)
	at jakarta.servlet.http.HttpServlet.service(HttpServlet.java:587)
	at org.eclipse.jetty.servlet.ServletHolder.handle(ServletHolder.java:764)
	at org.eclipse.jetty.servlet.ServletHandler.doHandle(ServletHandler.java:529)
	at org.eclipse.jetty.server.handler.ScopedHandler.nextHandle(ScopedHandler.java:221)
	at org.eclipse.jetty.server.session.SessionHandler.doHandle(SessionHandler.java:1580)
	at org.eclipse.jetty.server.handler.ScopedHandler.nextHandle(ScopedHandler.java:221)
	at org.eclipse.jetty.server.handler.ContextHandler.doHandle(ContextHandler.java:1381)
	at org.eclipse.jetty.server.handler.ScopedHandler.nextScope(ScopedHandler.java:176)
	at org.eclipse.jetty.servlet.ServletHandler.doScope(ServletHandler.java:484)
	at org.eclipse.jetty.server.session.SessionHandler.doScope(SessionHandler.java:1553)
	at org.eclipse.jetty.server.handler.ScopedHandler.nextScope(ScopedHandler.java:174)
	at org.eclipse.jetty.server.handler.ContextHandler.doScope(ContextHandler.java:1303)
	at org.eclipse.jetty.server.handler.ScopedHandler.handle(ScopedHandler.java:129)
	at org.eclipse.jetty.server.handler.StatisticsHandler.handle(StatisticsHandler.java:173)
	at org.eclipse.jetty.server.handler.HandlerWrapper.handle(HandlerWrapper.java:122)
	at org.eclipse.jetty.server.Server.handle(Server.java:563)
	at org.eclipse.jetty.server.HttpChannel$RequestDispatchable.dispatch(HttpChannel.java:1598)
	at org.eclipse.jetty.server.HttpChannel.dispatch(HttpChannel.java:753)
	at org.eclipse.jetty.server.HttpChannel.handle(HttpChannel.java:501)
	at org.eclipse.jetty.server.HttpConnection.onFillable(HttpConnection.java:287)
	at org.eclipse.jetty.io.AbstractConnection$ReadCallback.succeeded(AbstractConnection.java:314)
	at org.eclipse.jetty.io.FillInterest.fillable(FillInterest.java:100)
	at org.eclipse.jetty.io.SelectableChannelEndPoint$1.run(SelectableChannelEndPoint.java:53)
	at org.eclipse.jetty.util.thread.strategy.AdaptiveExecutionStrategy.runTask(AdaptiveExecutionStrategy.java:421)
	at org.eclipse.jetty.util.thread.strategy.AdaptiveExecutionStrategy.consumeTask(AdaptiveExecutionStrategy.java:390)
	at org.eclipse.jetty.util.thread.strategy.AdaptiveExecutionStrategy.tryProduce(AdaptiveExecutionStrategy.java:277)
	at org.eclipse.jetty.util.thread.strategy.AdaptiveExecutionStrategy.run(AdaptiveExecutionStrategy.java:199)
	at org.eclipse.jetty.util.thread.ReservedThreadExecutor$ReservedThread.run(ReservedThreadExecutor.java:411)
	at org.eclipse.jetty.util.thread.QueuedThreadPool.runJob(QueuedThreadPool.java:969)
	at org.eclipse.jetty.util.thread.QueuedThreadPool$Runner.doRunJob(QueuedThreadPool.java:1194)
	at org.eclipse.jetty.util.thread.QueuedThreadPool$Runner.run(QueuedThreadPool.java:1149)
	at java.base/java.lang.Thread.run(Thread.java:840)
2024-11-04 12:15:41 [JettyServerThreadPool-21] INFO  dat.config.ApplicationConfig -  Request 10 - POST /api/trips was handled with status code 400 Bad Request
2024-11-04 12:15:51 [JettyServerThreadPool-20] INFO  io.javalin.Javalin - Couldn't deserialize body to TripDTO
com.fasterxml.jackson.databind.exc.InvalidFormatException: Cannot deserialize value of type `dat.enums.Category` from String "BUSINESS": not one of the values accepted for Enum class: [BEACH, CITY, FOREST, LAKE, SNOW, SEA]
 at [Source: REDACTED (`StreamReadFeature.INCLUDE_SOURCE_IN_LOCATION` disabled); line: 7, column: 17] (through reference chain: dat.dtos.TripDTO["category"])
	at com.fasterxml.jackson.databind.exc.InvalidFormatException.from(InvalidFormatException.java:67)
	at com.fasterxml.jackson.databind.DeserializationContext.weirdStringException(DeserializationContext.java:1958)
	at com.fasterxml.jackson.databind.DeserializationContext.handleWeirdStringValue(DeserializationContext.java:1245)
	at com.fasterxml.jackson.databind.deser.std.EnumDeserializer._deserializeAltString(EnumDeserializer.java:447)
	at com.fasterxml.jackson.databind.deser.std.EnumDeserializer._fromString(EnumDeserializer.java:304)
	at com.fasterxml.jackson.databind.deser.std.EnumDeserializer.deserialize(EnumDeserializer.java:273)
	at com.fasterxml.jackson.databind.deser.impl.MethodProperty.deserializeAndSet(MethodProperty.java:129)
	at com.fasterxml.jackson.databind.deser.BeanDeserializer.vanillaDeserialize(BeanDeserializer.java:310)
	at com.fasterxml.jackson.databind.deser.BeanDeserializer.deserialize(BeanDeserializer.java:177)
	at com.fasterxml.jackson.databind.deser.DefaultDeserializationContext.readRootValue(DefaultDeserializationContext.java:342)
	at com.fasterxml.jackson.databind.ObjectMapper._readMapAndClose(ObjectMapper.java:4905)
	at com.fasterxml.jackson.databind.ObjectMapper.readValue(ObjectMapper.java:3848)
	at io.javalin.json.JavalinJackson.fromJsonString(JavalinJackson.kt:66)
	at io.javalin.http.Context.bodyAsClass(Context.kt:153)
	at io.javalin.http.Context.bodyAsClass(Context.kt:158)
	at io.javalin.http.Context$bodyValidator$1.invoke(Context.kt:170)
	at io.javalin.validation.BaseValidator$errors$2.invoke(BaseValidator.kt:38)
	at io.javalin.validation.BaseValidator$errors$2.invoke(BaseValidator.kt:36)
	at kotlin.UnsafeLazyImpl.getValue(Lazy.kt:81)
	at io.javalin.validation.BaseValidator.getErrors(BaseValidator.kt:36)
	at io.javalin.validation.BaseValidator.getOrThrow(BaseValidator.kt:75)
	at io.javalin.validation.BodyValidator.getOrThrow(BodyValidator.kt:23)
	at io.javalin.validation.BaseValidator.get(BaseValidator.kt:72)
	at io.javalin.validation.BodyValidator.get(BodyValidator.kt:20)
	at dat.controllers.impl.TripController.validateEntity(TripController.java:100)
	at dat.controllers.impl.TripController.update(TripController.java:62)
	at io.javalin.router.Endpoint.handle(Endpoint.kt:52)
	at io.javalin.router.ParsedEndpoint.handle(ParsedEndpoint.kt:15)
	at io.javalin.http.servlet.DefaultTasks.HTTP$lambda$9$lambda$7$lambda$6(DefaultTasks.kt:52)
	at io.javalin.http.servlet.JavalinServlet.handleTask(JavalinServlet.kt:99)
	at io.javalin.http.servlet.JavalinServlet.handleSync(JavalinServlet.kt:64)
	at io.javalin.http.servlet.JavalinServlet.handle(JavalinServlet.kt:50)
	at io.javalin.http.servlet.JavalinServlet.service(JavalinServlet.kt:30)
	at jakarta.servlet.http.HttpServlet.service(HttpServlet.java:587)
	at io.javalin.jetty.JavalinJettyServlet.service(JavalinJettyServlet.kt:52)
	at jakarta.servlet.http.HttpServlet.service(HttpServlet.java:587)
	at org.eclipse.jetty.servlet.ServletHolder.handle(ServletHolder.java:764)
	at org.eclipse.jetty.servlet.ServletHandler.doHandle(ServletHandler.java:529)
	at org.eclipse.jetty.server.handler.ScopedHandler.nextHandle(ScopedHandler.java:221)
	at org.eclipse.jetty.server.session.SessionHandler.doHandle(SessionHandler.java:1580)
	at org.eclipse.jetty.server.handler.ScopedHandler.nextHandle(ScopedHandler.java:221)
	at org.eclipse.jetty.server.handler.ContextHandler.doHandle(ContextHandler.java:1381)
	at org.eclipse.jetty.server.handler.ScopedHandler.nextScope(ScopedHandler.java:176)
	at org.eclipse.jetty.servlet.ServletHandler.doScope(ServletHandler.java:484)
	at org.eclipse.jetty.server.session.SessionHandler.doScope(SessionHandler.java:1553)
	at org.eclipse.jetty.server.handler.ScopedHandler.nextScope(ScopedHandler.java:174)
	at org.eclipse.jetty.server.handler.ContextHandler.doScope(ContextHandler.java:1303)
	at org.eclipse.jetty.server.handler.ScopedHandler.handle(ScopedHandler.java:129)
	at org.eclipse.jetty.server.handler.StatisticsHandler.handle(StatisticsHandler.java:173)
	at org.eclipse.jetty.server.handler.HandlerWrapper.handle(HandlerWrapper.java:122)
	at org.eclipse.jetty.server.Server.handle(Server.java:563)
	at org.eclipse.jetty.server.HttpChannel$RequestDispatchable.dispatch(HttpChannel.java:1598)
	at org.eclipse.jetty.server.HttpChannel.dispatch(HttpChannel.java:753)
	at org.eclipse.jetty.server.HttpChannel.handle(HttpChannel.java:501)
	at org.eclipse.jetty.server.HttpConnection.onFillable(HttpConnection.java:287)
	at org.eclipse.jetty.io.AbstractConnection$ReadCallback.succeeded(AbstractConnection.java:314)
	at org.eclipse.jetty.io.FillInterest.fillable(FillInterest.java:100)
	at org.eclipse.jetty.io.SelectableChannelEndPoint$1.run(SelectableChannelEndPoint.java:53)
	at org.eclipse.jetty.util.thread.strategy.AdaptiveExecutionStrategy.runTask(AdaptiveExecutionStrategy.java:421)
	at org.eclipse.jetty.util.thread.strategy.AdaptiveExecutionStrategy.consumeTask(AdaptiveExecutionStrategy.java:390)
	at org.eclipse.jetty.util.thread.strategy.AdaptiveExecutionStrategy.tryProduce(AdaptiveExecutionStrategy.java:277)
	at org.eclipse.jetty.util.thread.strategy.AdaptiveExecutionStrategy.run(AdaptiveExecutionStrategy.java:199)
	at org.eclipse.jetty.util.thread.ReservedThreadExecutor$ReservedThread.run(ReservedThreadExecutor.java:411)
	at org.eclipse.jetty.util.thread.QueuedThreadPool.runJob(QueuedThreadPool.java:969)
	at org.eclipse.jetty.util.thread.QueuedThreadPool$Runner.doRunJob(QueuedThreadPool.java:1194)
	at org.eclipse.jetty.util.thread.QueuedThreadPool$Runner.run(QueuedThreadPool.java:1149)
	at java.base/java.lang.Thread.run(Thread.java:840)
2024-11-04 12:15:51 [JettyServerThreadPool-20] INFO  dat.config.ApplicationConfig -  Request 11 - PUT /api/trips/1 was handled with status code 400 Bad Request
2024-11-04 12:16:57 [JettyServerThreadPool-25] ERROR dat.config.ApplicationConfig - An unhandled exception occurred
2024-11-04 12:16:57 [JettyServerThreadPool-25] INFO  dat.config.ApplicationConfig -  Request 12 - PUT /api/trips/1 was handled with status code 200 OK
2024-11-04 12:19:32 [JettyServerThreadPool-26] ERROR dat.config.ApplicationConfig - An unhandled exception occurred
2024-11-04 12:19:32 [JettyServerThreadPool-26] INFO  dat.config.ApplicationConfig -  Request 13 - PUT /api/trips/1 was handled with status code 200 OK
2024-11-04 12:20:20 [JettyServerThreadPool-20] INFO  dat.config.ApplicationConfig -  Request 14 - GET /api/trips was handled with status code 200 OK
2024-11-04 12:20:33 [main] INFO  org.hibernate.Version - HHH000412: Hibernate ORM core version 6.2.4.Final
2024-11-04 12:20:33 [main] INFO  org.hibernate.cfg.Environment - HHH000406: Using bytecode reflection optimizer
2024-11-04 12:20:33 [main] INFO  com.zaxxer.hikari.HikariDataSource - HikariPool-1 - Starting...
2024-11-04 12:20:33 [main] INFO  com.zaxxer.hikari.pool.HikariPool - HikariPool-1 - Added connection org.postgresql.jdbc.PgConnection@4c2cc639
2024-11-04 12:20:33 [main] INFO  com.zaxxer.hikari.HikariDataSource - HikariPool-1 - Start completed.
2024-11-04 12:20:34 [main] INFO  o.h.b.i.BytecodeProviderInitiator - HHH000021: Bytecode provider name : bytebuddy
2024-11-04 12:20:35 [main] INFO  io.javalin.Javalin - Starting Javalin ...
2024-11-04 12:20:35 [main] INFO  org.eclipse.jetty.server.Server - jetty-11.0.23; built: 2024-08-14T01:40:17.906Z; git: 6fcf5ccaebd7ca13a0cb96c96adca699a24080a0; jvm 17.0.12+7-LTS
2024-11-04 12:20:35 [main] INFO  o.e.j.s.s.DefaultSessionIdManager - Session workerName=node0
2024-11-04 12:20:35 [main] INFO  o.e.j.server.handler.ContextHandler - Started o.e.j.s.ServletContextHandler@67d5ac2f{/api,null,AVAILABLE}
2024-11-04 12:20:35 [main] INFO  o.e.jetty.server.AbstractConnector - Started ServerConnector@176333ee{HTTP/1.1, (http/1.1)}{0.0.0.0:7070}
2024-11-04 12:20:35 [main] INFO  org.eclipse.jetty.server.Server - Started Server@1186374c{STARTING}[11.0.23,sto=0] @3284ms
2024-11-04 12:20:35 [main] INFO  io.javalin.Javalin - Javalin started in 185ms \o/
2024-11-04 12:20:35 [main] INFO  io.javalin.Javalin - Listening on http://localhost:7070/api
2024-11-04 12:20:35 [main] INFO  io.javalin.Javalin - You are running Javalin 6.3.0 (released August 22, 2024).
2024-11-04 12:20:55 [JettyServerThreadPool-27] INFO  dat.config.ApplicationConfig -  Request 1 - POST /api/auth/register/ was handled with status code 201 Created
2024-11-04 12:20:56 [JettyServerThreadPool-22] INFO  dat.config.ApplicationConfig -  Request 2 - POST /api/auth/login/ was handled with status code 200 OK
2024-11-04 12:21:00 [JettyServerThreadPool-23] INFO  dat.config.ApplicationConfig -  Request 3 - GET /api/trips was handled with status code 200 OK
2024-11-04 12:21:08 [JettyServerThreadPool-20] INFO  dat.config.ApplicationConfig -  Request 4 - GET /api/trips/populate/ was handled with status code 200 OK
2024-11-04 12:21:12 [JettyServerThreadPool-21] INFO  dat.config.ApplicationConfig -  Request 5 - GET /api/trips was handled with status code 200 OK
2024-11-04 12:21:38 [JettyServerThreadPool-23] INFO  dat.config.ApplicationConfig -  Request 6 - PUT /api/trips/1 was handled with status code 200 OK
2024-11-04 12:21:44 [JettyServerThreadPool-26] INFO  dat.config.ApplicationConfig -  Request 7 - DELETE /api/trips/1 was handled with status code 204 No Content
2024-11-04 12:24:41 [JettyServerThreadPool-25] INFO  dat.config.ApplicationConfig -  Request 8 - GET /api/trips was handled with status code 200 OK
2024-11-04 12:24:54 [main] INFO  org.hibernate.Version - HHH000412: Hibernate ORM core version 6.2.4.Final
2024-11-04 12:24:54 [main] INFO  org.hibernate.cfg.Environment - HHH000406: Using bytecode reflection optimizer
2024-11-04 12:24:54 [main] INFO  com.zaxxer.hikari.HikariDataSource - HikariPool-1 - Starting...
2024-11-04 12:24:55 [main] INFO  com.zaxxer.hikari.pool.HikariPool - HikariPool-1 - Added connection org.postgresql.jdbc.PgConnection@55562aa9
2024-11-04 12:24:55 [main] INFO  com.zaxxer.hikari.HikariDataSource - HikariPool-1 - Start completed.
2024-11-04 12:24:55 [main] INFO  o.h.b.i.BytecodeProviderInitiator - HHH000021: Bytecode provider name : bytebuddy
2024-11-04 12:24:57 [main] INFO  io.javalin.Javalin - Starting Javalin ...
2024-11-04 12:24:57 [main] INFO  org.eclipse.jetty.server.Server - jetty-11.0.23; built: 2024-08-14T01:40:17.906Z; git: 6fcf5ccaebd7ca13a0cb96c96adca699a24080a0; jvm 17.0.12+7-LTS
2024-11-04 12:24:57 [main] INFO  o.e.j.s.s.DefaultSessionIdManager - Session workerName=node0
2024-11-04 12:24:57 [main] INFO  o.e.j.server.handler.ContextHandler - Started o.e.j.s.ServletContextHandler@4005e485{/api,null,AVAILABLE}
2024-11-04 12:24:57 [main] INFO  o.e.jetty.server.AbstractConnector - Started ServerConnector@4bfa5eb9{HTTP/1.1, (http/1.1)}{0.0.0.0:7070}
2024-11-04 12:24:57 [main] INFO  org.eclipse.jetty.server.Server - Started Server@7530090a{STARTING}[11.0.23,sto=0] @3068ms
2024-11-04 12:24:57 [main] INFO  io.javalin.Javalin - Javalin started in 152ms \o/
2024-11-04 12:24:57 [main] INFO  io.javalin.Javalin - Listening on http://localhost:7070/api
2024-11-04 12:24:57 [main] INFO  io.javalin.Javalin - You are running Javalin 6.3.0 (released August 22, 2024).
2024-11-04 12:25:22 [JettyServerThreadPool-27] INFO  dat.config.ApplicationConfig -  Request 1 - GET /api/trips/populate/ was handled with status code 200 OK
2024-11-04 12:25:24 [JettyServerThreadPool-22] INFO  d.s.controllers.SecurityController - User verified: UserDTO(username=user, password=null, roles=[user])
2024-11-04 12:25:24 [JettyServerThreadPool-22] INFO  dat.config.ApplicationConfig -  Request 2 - GET /api/trips was handled with status code 401 Unauthorized
2024-11-04 12:26:15 [JettyServerThreadPool-23] INFO  dat.config.ApplicationConfig -  Request 3 - POST /api/auth/register/ was handled with status code 201 Created
2024-11-04 12:26:17 [JettyServerThreadPool-20] INFO  dat.config.ApplicationConfig -  Request 4 - POST /api/auth/login/ was handled with status code 200 OK
2024-11-04 12:26:19 [JettyServerThreadPool-27] INFO  d.s.controllers.SecurityController - User verified: UserDTO(username=user, password=null, roles=[user])
2024-11-04 12:26:19 [JettyServerThreadPool-27] INFO  dat.config.ApplicationConfig -  Request 5 - POST /api/auth/user/addrole/ was handled with status code 200 OK
2024-11-04 12:26:22 [JettyServerThreadPool-25] INFO  dat.config.ApplicationConfig -  Request 6 - POST /api/auth/login/ was handled with status code 200 OK
2024-11-04 12:26:25 [JettyServerThreadPool-26] INFO  d.s.controllers.SecurityController - User verified: UserDTO(username=user, password=null, roles=[admin, user])
2024-11-04 12:26:26 [JettyServerThreadPool-26] INFO  dat.config.ApplicationConfig -  Request 7 - GET /api/trips was handled with status code 200 OK
2024-11-04 12:32:16 [JettyServerThreadPool-20] INFO  dat.config.ApplicationConfig -  Request 8 - GET /api/routes was handled with status code 200 OK
2024-11-04 12:36:14 [main] INFO  org.hibernate.Version - HHH000412: Hibernate ORM core version 6.2.4.Final
2024-11-04 12:36:14 [main] INFO  org.hibernate.cfg.Environment - HHH000406: Using bytecode reflection optimizer
2024-11-04 12:36:15 [main] INFO  com.zaxxer.hikari.HikariDataSource - HikariPool-1 - Starting...
2024-11-04 12:36:15 [main] INFO  com.zaxxer.hikari.pool.HikariPool - HikariPool-1 - Added connection org.postgresql.jdbc.PgConnection@2101b44a
2024-11-04 12:36:15 [main] INFO  com.zaxxer.hikari.HikariDataSource - HikariPool-1 - Start completed.
2024-11-04 12:36:15 [main] INFO  o.h.b.i.BytecodeProviderInitiator - HHH000021: Bytecode provider name : bytebuddy
2024-11-04 12:36:17 [main] INFO  io.javalin.Javalin - Starting Javalin ...
2024-11-04 12:36:17 [main] INFO  org.eclipse.jetty.server.Server - jetty-11.0.23; built: 2024-08-14T01:40:17.906Z; git: 6fcf5ccaebd7ca13a0cb96c96adca699a24080a0; jvm 17.0.12+7-LTS
2024-11-04 12:36:17 [main] INFO  o.e.j.s.s.DefaultSessionIdManager - Session workerName=node0
2024-11-04 12:36:17 [main] INFO  o.e.j.server.handler.ContextHandler - Started o.e.j.s.ServletContextHandler@59313495{/api,null,AVAILABLE}
2024-11-04 12:36:17 [main] INFO  o.e.jetty.server.AbstractConnector - Started ServerConnector@7910f355{HTTP/1.1, (http/1.1)}{0.0.0.0:7070}
2024-11-04 12:36:17 [main] INFO  org.eclipse.jetty.server.Server - Started Server@2ad2b274{STARTING}[11.0.23,sto=0] @2807ms
2024-11-04 12:36:17 [main] INFO  io.javalin.Javalin - Javalin started in 149ms \o/
2024-11-04 12:36:17 [main] INFO  io.javalin.Javalin - Listening on http://localhost:7070/api
2024-11-04 12:36:17 [main] INFO  io.javalin.Javalin - You are running Javalin 6.3.0 (released August 22, 2024).
2024-11-04 12:36:21 [JettyServerThreadPool-26] INFO  dat.config.ApplicationConfig -  Request 1 - GET /api/routes was handled with status code 200 OK
2024-11-04 12:46:37 [JettyServerThreadPool-25] INFO  dat.config.ApplicationConfig -  Request 2 - GET /api/trips/populate/ was handled with status code 200 OK
2024-11-04 12:47:33 [JettyServerThreadPool-20] INFO  dat.config.ApplicationConfig -  Request 3 - GET /api/trips/1 was handled with status code 200 OK
